<?xml version="1.0" encoding="UTF-8" ?>
<testsuite failures="0" time="0.018" errors="0" skipped="0" tests="3" name="fr.inria.peerunit.bootstrapper.TesterNodeTest">
  <properties>
    <property name="java.runtime.name" value="OpenJDK Runtime Environment"/>
    <property name="sun.boot.library.path" value="/usr/lib/jvm/java-6-openjdk/jre/lib/i386"/>
    <property name="java.vm.version" value="16.0-b13"/>
    <property name="java.vm.vendor" value="Sun Microsystems Inc."/>
    <property name="java.vendor.url" value="http://java.sun.com/"/>
    <property name="path.separator" value=":"/>
    <property name="java.vm.name" value="OpenJDK Client VM"/>
    <property name="file.encoding.pkg" value="sun.io"/>
    <property name="user.country" value="BR"/>
    <property name="sun.java.launcher" value="SUN_STANDARD"/>
    <property name="sun.os.patch.level" value="unknown"/>
    <property name="java.vm.specification.name" value="Java Virtual Machine Specification"/>
    <property name="user.dir" value="/home/michel/workspace-eclipse/albonico/peerunit/trunk/PeerUnit"/>
    <property name="java.runtime.version" value="1.6.0_18-b18"/>
    <property name="java.awt.graphicsenv" value="sun.awt.X11GraphicsEnvironment"/>
    <property name="basedir" value="/home/michel/workspace-eclipse/albonico/peerunit/trunk/PeerUnit"/>
    <property name="java.endorsed.dirs" value="/usr/lib/jvm/java-6-openjdk/jre/lib/endorsed"/>
    <property name="os.arch" value="i386"/>
    <property name="surefire.real.class.path" value="/tmp/surefirebooter2987830354396511987.jar"/>
    <property name="java.io.tmpdir" value="/tmp"/>
    <property name="line.separator" value="
"/>
    <property name="java.vm.specification.vendor" value="Sun Microsystems Inc."/>
    <property name="os.name" value="Linux"/>
    <property name="sun.jnu.encoding" value="UTF-8"/>
    <property name="java.library.path" value="/usr/lib/jvm/java-6-openjdk/jre/lib/i386/client:/usr/lib/jvm/java-6-openjdk/jre/lib/i386:/usr/lib/jvm/java-6-openjdk/jre/../lib/i386:/usr/java/packages/lib/i386:/usr/lib/jni:/lib:/usr/lib"/>
    <property name="surefire.test.class.path" value="/home/michel/workspace-eclipse/albonico/peerunit/trunk/PeerUnit/target/test-classes:/home/michel/workspace-eclipse/albonico/peerunit/trunk/PeerUnit/target/classes:/home/michel/.m2/repository/junit/junit/4.7/junit-4.7.jar:/home/michel/.m2/repository/org/mockito/mockito-all/1.7/mockito-all-1.7.jar:/home/michel/.m2/repository/org/codehaus/mojo/cobertura-maven-plugin/2.3/cobertura-maven-plugin-2.3.jar:/home/michel/.m2/repository/net/sourceforge/cobertura/cobertura/1.9.2/cobertura-1.9.2.jar:/home/michel/.m2/repository/oro/oro/2.0.8/oro-2.0.8.jar:/home/michel/.m2/repository/asm/asm/3.0/asm-3.0.jar:/home/michel/.m2/repository/asm/asm-tree/3.0/asm-tree-3.0.jar:/home/michel/.m2/repository/log4j/log4j/1.2.9/log4j-1.2.9.jar:/home/michel/.m2/repository/org/apache/ant/ant/1.7.0/ant-1.7.0.jar:/home/michel/.m2/repository/org/apache/ant/ant-launcher/1.7.0/ant-launcher-1.7.0.jar:/home/michel/.m2/repository/urbanophile/java-getopt/1.0.9/java-getopt-1.0.9.jar:/home/michel/.m2/repository/org/apache/maven/maven-artifact/2.0/maven-artifact-2.0.jar:/home/michel/.m2/repository/org/codehaus/plexus/plexus-utils/1.1/plexus-utils-1.1.jar:/home/michel/.m2/repository/org/apache/maven/maven-plugin-api/2.0/maven-plugin-api-2.0.jar:/home/michel/.m2/repository/org/apache/maven/reporting/maven-reporting-api/2.0/maven-reporting-api-2.0.jar:/home/michel/.m2/repository/doxia/doxia-sink-api/1.0-alpha-4/doxia-sink-api-1.0-alpha-4.jar:/home/michel/.m2/repository/org/apache/maven/maven-project/2.0/maven-project-2.0.jar:/home/michel/.m2/repository/org/apache/maven/maven-profile/2.0/maven-profile-2.0.jar:/home/michel/.m2/repository/org/apache/maven/maven-model/2.0/maven-model-2.0.jar:/home/michel/.m2/repository/org/codehaus/plexus/plexus-container-default/1.0-alpha-9/plexus-container-default-1.0-alpha-9.jar:/home/michel/.m2/repository/classworlds/classworlds/1.1-alpha-2/classworlds-1.1-alpha-2.jar:/home/michel/.m2/repository/org/apache/maven/maven-artifact-manager/2.0/maven-artifact-manager-2.0.jar:/home/michel/.m2/repository/org/apache/maven/maven-repository-metadata/2.0/maven-repository-metadata-2.0.jar:/home/michel/.m2/repository/org/apache/maven/wagon/wagon-provider-api/1.0-alpha-5/wagon-provider-api-1.0-alpha-5.jar:/home/michel/.m2/repository/org/apache/maven/reporting/maven-reporting-impl/2.0/maven-reporting-impl-2.0.jar:/home/michel/.m2/repository/commons-validator/commons-validator/1.1.4/commons-validator-1.1.4.jar:/home/michel/.m2/repository/doxia/doxia-core/1.0-alpha-4/doxia-core-1.0-alpha-4.jar:"/>
    <property name="java.specification.name" value="Java Platform API Specification"/>
    <property name="java.class.version" value="50.0"/>
    <property name="sun.management.compiler" value="HotSpot Client Compiler"/>
    <property name="os.version" value="2.6.32-27-generic-pae"/>
    <property name="user.home" value="/home/michel"/>
    <property name="user.timezone" value="America/Sao_Paulo"/>
    <property name="java.awt.printerjob" value="sun.print.PSPrinterJob"/>
    <property name="file.encoding" value="UTF-8"/>
    <property name="java.specification.version" value="1.6"/>
    <property name="user.name" value="michel"/>
    <property name="java.class.path" value="/home/michel/workspace-eclipse/albonico/peerunit/trunk/PeerUnit/target/test-classes:/home/michel/workspace-eclipse/albonico/peerunit/trunk/PeerUnit/target/classes:/home/michel/.m2/repository/junit/junit/4.7/junit-4.7.jar:/home/michel/.m2/repository/org/mockito/mockito-all/1.7/mockito-all-1.7.jar:/home/michel/.m2/repository/org/codehaus/mojo/cobertura-maven-plugin/2.3/cobertura-maven-plugin-2.3.jar:/home/michel/.m2/repository/net/sourceforge/cobertura/cobertura/1.9.2/cobertura-1.9.2.jar:/home/michel/.m2/repository/oro/oro/2.0.8/oro-2.0.8.jar:/home/michel/.m2/repository/asm/asm/3.0/asm-3.0.jar:/home/michel/.m2/repository/asm/asm-tree/3.0/asm-tree-3.0.jar:/home/michel/.m2/repository/log4j/log4j/1.2.9/log4j-1.2.9.jar:/home/michel/.m2/repository/org/apache/ant/ant/1.7.0/ant-1.7.0.jar:/home/michel/.m2/repository/org/apache/ant/ant-launcher/1.7.0/ant-launcher-1.7.0.jar:/home/michel/.m2/repository/urbanophile/java-getopt/1.0.9/java-getopt-1.0.9.jar:/home/michel/.m2/repository/org/apache/maven/maven-artifact/2.0/maven-artifact-2.0.jar:/home/michel/.m2/repository/org/codehaus/plexus/plexus-utils/1.1/plexus-utils-1.1.jar:/home/michel/.m2/repository/org/apache/maven/maven-plugin-api/2.0/maven-plugin-api-2.0.jar:/home/michel/.m2/repository/org/apache/maven/reporting/maven-reporting-api/2.0/maven-reporting-api-2.0.jar:/home/michel/.m2/repository/doxia/doxia-sink-api/1.0-alpha-4/doxia-sink-api-1.0-alpha-4.jar:/home/michel/.m2/repository/org/apache/maven/maven-project/2.0/maven-project-2.0.jar:/home/michel/.m2/repository/org/apache/maven/maven-profile/2.0/maven-profile-2.0.jar:/home/michel/.m2/repository/org/apache/maven/maven-model/2.0/maven-model-2.0.jar:/home/michel/.m2/repository/org/codehaus/plexus/plexus-container-default/1.0-alpha-9/plexus-container-default-1.0-alpha-9.jar:/home/michel/.m2/repository/classworlds/classworlds/1.1-alpha-2/classworlds-1.1-alpha-2.jar:/home/michel/.m2/repository/org/apache/maven/maven-artifact-manager/2.0/maven-artifact-manager-2.0.jar:/home/michel/.m2/repository/org/apache/maven/maven-repository-metadata/2.0/maven-repository-metadata-2.0.jar:/home/michel/.m2/repository/org/apache/maven/wagon/wagon-provider-api/1.0-alpha-5/wagon-provider-api-1.0-alpha-5.jar:/home/michel/.m2/repository/org/apache/maven/reporting/maven-reporting-impl/2.0/maven-reporting-impl-2.0.jar:/home/michel/.m2/repository/commons-validator/commons-validator/1.1.4/commons-validator-1.1.4.jar:/home/michel/.m2/repository/doxia/doxia-core/1.0-alpha-4/doxia-core-1.0-alpha-4.jar:"/>
    <property name="java.vm.specification.version" value="1.0"/>
    <property name="sun.arch.data.model" value="32"/>
    <property name="java.home" value="/usr/lib/jvm/java-6-openjdk/jre"/>
    <property name="java.specification.vendor" value="Sun Microsystems Inc."/>
    <property name="user.language" value="pt"/>
    <property name="java.vm.info" value="mixed mode, sharing"/>
    <property name="java.version" value="1.6.0_18"/>
    <property name="java.ext.dirs" value="/usr/lib/jvm/java-6-openjdk/jre/lib/ext:/usr/java/packages/lib/ext"/>
    <property name="sun.boot.class.path" value="/usr/lib/jvm/java-6-openjdk/jre/lib/resources.jar:/usr/lib/jvm/java-6-openjdk/jre/lib/rt.jar:/usr/lib/jvm/java-6-openjdk/jre/lib/sunrsasign.jar:/usr/lib/jvm/java-6-openjdk/jre/lib/jsse.jar:/usr/lib/jvm/java-6-openjdk/jre/lib/jce.jar:/usr/lib/jvm/java-6-openjdk/jre/lib/charsets.jar:/usr/lib/jvm/java-6-openjdk/jre/lib/rhino.jar:/usr/lib/jvm/java-6-openjdk/jre/classes"/>
    <property name="java.vendor" value="Sun Microsystems Inc."/>
    <property name="localRepository" value="/home/michel/.m2/repository"/>
    <property name="file.separator" value="/"/>
    <property name="java.vendor.url.bug" value="http://java.sun.com/cgi-bin/bugreport.cgi"/>
    <property name="sun.cpu.endian" value="little"/>
    <property name="sun.io.unicode.encoding" value="UnicodeLittle"/>
    <property name="sun.cpu.isalist" value=""/>
  </properties>
  <testcase time="0.002" classname="fr.inria.peerunit.bootstrapper.TesterNodeTest" name="testHead"/>
  <testcase time="0" classname="fr.inria.peerunit.bootstrapper.TesterNodeTest" name="testDependents"/>
  <testcase time="0.001" classname="fr.inria.peerunit.bootstrapper.TesterNodeTest" name="non"/>
</testsuite>