<?xml version="1.0" encoding="UTF-8" ?>
<testsuite failures="0" time="0.049" errors="0" skipped="0" tests="2" name="test.executor.ExecutorImplTest">
  <properties>
    <property name="tester.logfolder" value="/tmp/"/>
    <property name="tester.log.level" value="FINEST"/>
    <property name="java.runtime.name" value="Java(TM) SE Runtime Environment"/>
    <property name="sun.boot.library.path" value="/home/booba/jdk1.6.0_12/jre/lib/i386"/>
    <property name="java.vm.version" value="11.2-b01"/>
    <property name="java.vm.vendor" value="Sun Microsystems Inc."/>
    <property name="java.vendor.url" value="http://java.sun.com/"/>
    <property name="path.separator" value=":"/>
    <property name="java.vm.name" value="Java HotSpot(TM) Client VM"/>
    <property name="file.encoding.pkg" value="sun.io"/>
    <property name="user.country" value="FR"/>
    <property name="sun.java.launcher" value="SUN_STANDARD"/>
    <property name="sun.os.patch.level" value="unknown"/>
    <property name="java.vm.specification.name" value="Java Virtual Machine Specification"/>
    <property name="user.dir" value="/home/booba/workspace/PeerUnit"/>
    <property name="tester.log.delimiter" value="|"/>
    <property name="java.runtime.version" value="1.6.0_12-b04"/>
    <property name="tester.log.dateformat" value="yyyy-MM-dd"/>
    <property name="java.awt.graphicsenv" value="sun.awt.X11GraphicsEnvironment"/>
    <property name="basedir" value="/home/booba/workspace/PeerUnit"/>
    <property name="java.endorsed.dirs" value="/home/booba/jdk1.6.0_12/jre/lib/endorsed"/>
    <property name="os.arch" value="i386"/>
    <property name="surefire.real.class.path" value="/tmp/surefirebooter1991067993298105504.jar"/>
    <property name="java.io.tmpdir" value="/tmp"/>
    <property name="line.separator" value="
"/>
    <property name="java.vm.specification.vendor" value="Sun Microsystems Inc."/>
    <property name="tester.waitForMethod" value="500"/>
    <property name="os.name" value="Linux"/>
    <property name="sun.jnu.encoding" value="UTF-8"/>
    <property name="tester.log.timeformat" value="HH:mm:ss.SSS"/>
    <property name="java.library.path" value="/home/booba/jdk1.6.0_12/jre/lib/i386/client:/home/booba/jdk1.6.0_12/jre/lib/i386:/home/booba/jdk1.6.0_12/jre/../lib/i386:/usr/java/packages/lib/i386:/lib:/usr/lib"/>
    <property name="surefire.test.class.path" value="/home/booba/workspace/PeerUnit/target/test-classes:/home/booba/workspace/PeerUnit/target/generated-classes/cobertura:/home/booba/.m2/repository/log4j/log4j/1.2.12/log4j-1.2.12.jar:/home/booba/.m2/repository/MTR/mtrLib/1.0/mtrLib-1.0.jar:/home/booba/.m2/repository/rice/FreePastry/2.0.4/FreePastry-2.0.4.jar:/home/booba/.m2/repository/de/uniba/wiai/lspi/OpenChord/1.0.5/OpenChord-1.0.5.jar:/home/booba/.m2/repository/net/sourceforge/cobertura/cobertura/1.9/cobertura-1.9.jar:/home/booba/.m2/repository/org/apache/ant/ant/1.7.0/ant-1.7.0.jar:/home/booba/.m2/repository/org/apache/ant/ant-launcher/1.7.0/ant-launcher-1.7.0.jar:/home/booba/.m2/repository/junit/junit/4.5/junit-4.5.jar:"/>
    <property name="java.specification.name" value="Java Platform API Specification"/>
    <property name="java.class.version" value="50.0"/>
    <property name="sun.management.compiler" value="HotSpot Client Compiler"/>
    <property name="os.version" value="2.6.24-23-generic"/>
    <property name="tester.peers" value="3"/>
    <property name="user.home" value="/home/booba"/>
    <property name="user.timezone" value="Europe/Paris"/>
    <property name="java.awt.printerjob" value="sun.print.PSPrinterJob"/>
    <property name="java.specification.version" value="1.6"/>
    <property name="file.encoding" value="UTF-8"/>
    <property name="user.name" value="booba"/>
    <property name="java.class.path" value="/home/booba/workspace/PeerUnit/target/test-classes:/home/booba/workspace/PeerUnit/target/generated-classes/cobertura:/home/booba/.m2/repository/log4j/log4j/1.2.12/log4j-1.2.12.jar:/home/booba/.m2/repository/MTR/mtrLib/1.0/mtrLib-1.0.jar:/home/booba/.m2/repository/rice/FreePastry/2.0.4/FreePastry-2.0.4.jar:/home/booba/.m2/repository/de/uniba/wiai/lspi/OpenChord/1.0.5/OpenChord-1.0.5.jar:/home/booba/.m2/repository/net/sourceforge/cobertura/cobertura/1.9/cobertura-1.9.jar:/home/booba/.m2/repository/org/apache/ant/ant/1.7.0/ant-1.7.0.jar:/home/booba/.m2/repository/org/apache/ant/ant-launcher/1.7.0/ant-launcher-1.7.0.jar:/home/booba/.m2/repository/junit/junit/4.5/junit-4.5.jar:"/>
    <property name="java.vm.specification.version" value="1.0"/>
    <property name="sun.arch.data.model" value="32"/>
    <property name="java.home" value="/home/booba/jdk1.6.0_12/jre"/>
    <property name="java.specification.vendor" value="Sun Microsystems Inc."/>
    <property name="user.language" value="fr"/>
    <property name="java.vm.info" value="mixed mode, sharing"/>
    <property name="java.version" value="1.6.0_12"/>
    <property name="java.ext.dirs" value="/home/booba/jdk1.6.0_12/jre/lib/ext:/usr/java/packages/lib/ext"/>
    <property name="sun.boot.class.path" value="/home/booba/jdk1.6.0_12/jre/lib/resources.jar:/home/booba/jdk1.6.0_12/jre/lib/rt.jar:/home/booba/jdk1.6.0_12/jre/lib/sunrsasign.jar:/home/booba/jdk1.6.0_12/jre/lib/jsse.jar:/home/booba/jdk1.6.0_12/jre/lib/jce.jar:/home/booba/jdk1.6.0_12/jre/lib/charsets.jar:/home/booba/jdk1.6.0_12/jre/classes"/>
    <property name="java.vendor" value="Sun Microsystems Inc."/>
    <property name="localRepository" value="/home/booba/.m2/repository"/>
    <property name="file.separator" value="/"/>
    <property name="java.vendor.url.bug" value="http://java.sun.com/cgi-bin/bugreport.cgi"/>
    <property name="sun.cpu.endian" value="little"/>
    <property name="sun.io.unicode.encoding" value="UnicodeLittle"/>
    <property name="sun.desktop" value="gnome"/>
    <property name="sun.cpu.isalist" value=""/>
  </properties>
  <testcase time="0.045" classname="test.executor.ExecutorImplTest" name="testBis"/>
  <testcase time="0.001" classname="test.executor.ExecutorImplTest" name="testHasFailure"/>
</testsuite>